<?xml version="1.0" encoding="UTF-8"?>
<robot generator="Robot 7.0 (Python 3.12.2 on win32)" generated="2024-02-22T17:32:37.521723" rpa="false" schemaversion="5">
<suite id="s1" name="RobotFrameWork.Selenium.Web.Tests" source="C:\Users\rodri\Documents\RobotFrameWork.Selenium.Web.Tests">
<suite id="s1-s1" name="Tests" source="C:\Users\rodri\Documents\RobotFrameWork.Selenium.Web.Tests\Tests">
<suite id="s1-s1-s1" name="CartTests" source="C:\Users\rodri\Documents\RobotFrameWork.Selenium.Web.Tests\Tests\CartTests.robot">
<test id="s1-s1-s1-t1" name="CT01:Realizar a compra de um produto por uma das abas do site (Women, Dresses, T-Shirts)" line="16">
<kw name="Set Test Environment" owner="Config" type="SETUP">
<kw name="Run Keyword If" owner="BuiltIn">
<kw name="Get Variable Value" owner="BuiltIn">
<arg>${BASE_URL_PROD}</arg>
<doc>Returns variable value or ``default`` if the variable does not exist.</doc>
<status status="PASS" start="2024-02-22T17:32:38.157447" elapsed="0.000000"/>
</kw>
<msg time="2024-02-22T17:32:38.158447" level="INFO">${base_url} = http://www.automationpractice.pl</msg>
<var>${base_url}</var>
<arg>'${environment}' == 'prod'</arg>
<arg>Get Variable Value</arg>
<arg>${BASE_URL_PROD}</arg>
<arg>ELSE IF</arg>
<arg>'${environment}' == 'qa'</arg>
<arg>Get Variable Value</arg>
<arg>${BASE_URL_QA}</arg>
<arg>ELSE</arg>
<arg>Get Variable Value</arg>
<arg>${BASE_URL_DEV}</arg>
<doc>Runs the given keyword with the given arguments, if ``condition`` is true.</doc>
<status status="PASS" start="2024-02-22T17:32:38.156447" elapsed="0.002000"/>
</kw>
<kw name="Open Browser" owner="SeleniumLibrary">
<msg time="2024-02-22T17:32:38.158447" level="INFO">Opening browser 'chrome' to base url 'http://www.automationpractice.pl'.</msg>
<arg>${base_url}</arg>
<arg>${browser}</arg>
<doc>Opens a new browser instance to the optional ``url``.</doc>
<status status="PASS" start="2024-02-22T17:32:38.158447" elapsed="7.461117"/>
</kw>
<kw name="Maximize Browser Window" owner="SeleniumLibrary">
<doc>Maximizes current browser window.</doc>
<status status="PASS" start="2024-02-22T17:32:45.620561" elapsed="0.131875"/>
</kw>
<arg>chrome</arg>
<arg>prod</arg>
<status status="PASS" start="2024-02-22T17:32:38.154149" elapsed="7.599288"/>
</kw>
<kw name="Generate Random Email" owner="FakerHelper">
<kw name="Email" owner="FakerLibrary">
<msg time="2024-02-22T17:32:45.759377" level="INFO">${email} = rodrigomoreira@example.com</msg>
<var>${email}</var>
<status status="PASS" start="2024-02-22T17:32:45.757186" elapsed="0.003254"/>
</kw>
<return>
<value>${email}</value>
<status status="PASS" start="2024-02-22T17:32:45.760440" elapsed="0.000000"/>
</return>
<msg time="2024-02-22T17:32:45.760440" level="INFO">${Email} = rodrigomoreira@example.com</msg>
<var>${Email}</var>
<doc>Gera um endereço de e-mail aleatório</doc>
<status status="PASS" start="2024-02-22T17:32:45.754768" elapsed="0.006806"/>
</kw>
<kw name="Generate Random Name" owner="FakerHelper">
<kw name="Name" owner="FakerLibrary">
<msg time="2024-02-22T17:32:45.768070" level="INFO">${name} = Lorena Melo</msg>
<var>${name}</var>
<doc>:example: 'John Doe'</doc>
<status status="PASS" start="2024-02-22T17:32:45.766002" elapsed="0.002068"/>
</kw>
<return>
<value>${name}</value>
<status status="PASS" start="2024-02-22T17:32:45.768070" elapsed="0.001016"/>
</return>
<msg time="2024-02-22T17:32:45.769086" level="INFO">${First_Name} = Lorena Melo</msg>
<var>${First_Name}</var>
<doc>Gera um nome aleatório</doc>
<status status="PASS" start="2024-02-22T17:32:45.763948" elapsed="0.005138"/>
</kw>
<kw name="Generate Random Last Name" owner="FakerHelper">
<kw name="Last Name" owner="FakerLibrary">
<msg time="2024-02-22T17:32:45.771112" level="INFO">${last_name} = Duarte</msg>
<var>${last_name}</var>
<status status="PASS" start="2024-02-22T17:32:45.771112" elapsed="0.001074"/>
</kw>
<return>
<value>${last_name}</value>
<status status="PASS" start="2024-02-22T17:32:45.772186" elapsed="0.000000"/>
</return>
<msg time="2024-02-22T17:32:45.772186" level="INFO">${Last_Name} = Duarte</msg>
<var>${Last_Name}</var>
<doc>Gera um sobrenome aleatório</doc>
<status status="PASS" start="2024-02-22T17:32:45.770096" elapsed="0.002090"/>
</kw>
<kw name="Generate Random Password" owner="FakerHelper">
<kw name="Password" owner="FakerLibrary">
<msg time="2024-02-22T17:32:45.773184" level="INFO">${password} = 96egVxEw_@</msg>
<var>${password}</var>
<doc>Generate a random password of the specified ``length``.</doc>
<status status="PASS" start="2024-02-22T17:32:45.773184" elapsed="0.001002"/>
</kw>
<return>
<value>${password}</value>
<status status="PASS" start="2024-02-22T17:32:45.774186" elapsed="0.001360"/>
</return>
<msg time="2024-02-22T17:32:45.776558" level="INFO">${Password} = 96egVxEw_@</msg>
<var>${Password}</var>
<doc>Gera uma senha aleatória</doc>
<status status="PASS" start="2024-02-22T17:32:45.773184" elapsed="0.004813"/>
</kw>
<kw name="Generate Random Data" owner="FakerHelper">
<kw name="Date" owner="FakerLibrary">
<msg time="2024-02-22T17:32:45.801642" level="INFO">${date} = 2008-01-23</msg>
<var>${date}</var>
<doc>Get a date string between January 1, 1970 and now.</doc>
<status status="PASS" start="2024-02-22T17:32:45.800510" elapsed="0.002131"/>
</kw>
<return>
<value>${date}</value>
<status status="PASS" start="2024-02-22T17:32:45.802641" elapsed="0.000000"/>
</return>
<msg time="2024-02-22T17:32:45.802641" level="INFO">${Data} = 2008-01-23</msg>
<var>${Data}</var>
<doc>Gera uma data aleatória</doc>
<status status="PASS" start="2024-02-22T17:32:45.797431" elapsed="0.006210"/>
</kw>
<kw name="Generate Random Company" owner="FakerHelper">
<kw name="Company" owner="FakerLibrary">
<msg time="2024-02-22T17:32:45.804641" level="INFO">${company} = Silva Correia Ltda.</msg>
<var>${company}</var>
<doc>:example: 'Acme Ltd'</doc>
<status status="PASS" start="2024-02-22T17:32:45.804641" elapsed="0.000000"/>
</kw>
<return>
<value>${company}</value>
<status status="PASS" start="2024-02-22T17:32:45.805640" elapsed="0.000000"/>
</return>
<msg time="2024-02-22T17:32:45.805640" level="INFO">${Company} = Silva Correia Ltda.</msg>
<var>${Company}</var>
<doc>Gera uma empresa aleatória</doc>
<status status="PASS" start="2024-02-22T17:32:45.803641" elapsed="0.001999"/>
</kw>
<kw name="Generate Random Adddress" owner="FakerHelper">
<kw name="Address" owner="FakerLibrary">
<msg time="2024-02-22T17:32:45.808102" level="INFO">${adddress} = Residencial de das Neves, 12
Aparecida 7ª Seção
42702844 Santos Alegre / AL</msg>
<var>${adddress}</var>
<doc>:example: '791 Crist Parks, Sashabury, IL 86039-9874'</doc>
<status status="PASS" start="2024-02-22T17:32:45.806640" elapsed="0.005576"/>
</kw>
<return>
<value>${adddress}</value>
<status status="PASS" start="2024-02-22T17:32:45.813546" elapsed="0.001497"/>
</return>
<msg time="2024-02-22T17:32:45.815043" level="INFO">${Address} = Residencial de das Neves, 12
Aparecida 7ª Seção
42702844 Santos Alegre / AL</msg>
<var>${Address}</var>
<doc>Gera um endereço aleatório</doc>
<status status="PASS" start="2024-02-22T17:32:45.806640" elapsed="0.008403"/>
</kw>
<kw name="Generate Random Adddress" owner="FakerHelper">
<kw name="Address" owner="FakerLibrary">
<msg time="2024-02-22T17:32:45.817136" level="INFO">${adddress} = Passarela de Nascimento, 20
Boa Esperança
36910129 Lopes da Prata / BA</msg>
<var>${adddress}</var>
<doc>:example: '791 Crist Parks, Sashabury, IL 86039-9874'</doc>
<status status="PASS" start="2024-02-22T17:32:45.817136" elapsed="0.001004"/>
</kw>
<return>
<value>${adddress}</value>
<status status="PASS" start="2024-02-22T17:32:45.818140" elapsed="0.000000"/>
</return>
<msg time="2024-02-22T17:32:45.818140" level="INFO">${Address_line_2} = Passarela de Nascimento, 20
Boa Esperança
36910129 Lopes da Prata / BA</msg>
<var>${Address_line_2}</var>
<doc>Gera um endereço aleatório</doc>
<status status="PASS" start="2024-02-22T17:32:45.816046" elapsed="0.002094"/>
</kw>
<kw name="Generate Random City" owner="FakerHelper">
<kw name="City" owner="FakerLibrary">
<msg time="2024-02-22T17:32:45.819354" level="INFO">${city} = Costela de Goiás</msg>
<var>${city}</var>
<doc>:example: 'Sashabury'</doc>
<status status="PASS" start="2024-02-22T17:32:45.819354" elapsed="0.001009"/>
</kw>
<return>
<value>${city}</value>
<status status="PASS" start="2024-02-22T17:32:45.820363" elapsed="0.000000"/>
</return>
<msg time="2024-02-22T17:32:45.820363" level="INFO">${City} = Costela de Goiás</msg>
<var>${City}</var>
<doc>Gera um nome de cidade aleatório</doc>
<status status="PASS" start="2024-02-22T17:32:45.818140" elapsed="0.002223"/>
</kw>
<kw name="Get Us States" owner="RandomHelper">
<msg time="2024-02-22T17:32:45.821761" level="INFO">${State} = Wisconsin</msg>
<var>${State}</var>
<status status="PASS" start="2024-02-22T17:32:45.821761" elapsed="0.000000"/>
</kw>
<kw name="Generate Postal Code" owner="RandomHelper">
<msg time="2024-02-22T17:32:45.822818" level="INFO">${Zip_postal_code} = 51884</msg>
<var>${Zip_postal_code}</var>
<status status="PASS" start="2024-02-22T17:32:45.822818" elapsed="0.000000"/>
</kw>
<kw name="Generate Random Country" owner="FakerHelper">
<kw name="Country" owner="FakerLibrary">
<msg time="2024-02-22T17:32:45.827138" level="INFO">${country} = Portugal</msg>
<var>${country}</var>
<status status="PASS" start="2024-02-22T17:32:45.825132" elapsed="0.003005"/>
</kw>
<return>
<value>${country}</value>
<status status="PASS" start="2024-02-22T17:32:45.828137" elapsed="0.000999"/>
</return>
<msg time="2024-02-22T17:32:45.829136" level="INFO">${Country} = Portugal</msg>
<var>${Country}</var>
<doc>Gera um nome de país aleatório</doc>
<status status="PASS" start="2024-02-22T17:32:45.823823" elapsed="0.005313"/>
</kw>
<kw name="Generate Random Phone Number" owner="FakerHelper">
<kw name="Phone Number" owner="FakerLibrary">
<msg time="2024-02-22T17:32:45.830398" level="INFO">${phone} = +55 81 9099-1311</msg>
<var>${phone}</var>
<status status="PASS" start="2024-02-22T17:32:45.830398" elapsed="0.000000"/>
</kw>
<return>
<value>${phone}</value>
<status status="PASS" start="2024-02-22T17:32:45.831400" elapsed="0.000000"/>
</return>
<msg time="2024-02-22T17:32:45.831400" level="INFO">${Home_phone} = +55 81 9099-1311</msg>
<var>${Home_phone}</var>
<doc>Gera um número de telefone aleatório</doc>
<status status="PASS" start="2024-02-22T17:32:45.830398" elapsed="0.001002"/>
</kw>
<kw name="Generate Random Phone Number" owner="FakerHelper">
<kw name="Phone Number" owner="FakerLibrary">
<msg time="2024-02-22T17:32:45.832795" level="INFO">${phone} = 0500 280 2825</msg>
<var>${phone}</var>
<status status="PASS" start="2024-02-22T17:32:45.832795" elapsed="0.000000"/>
</kw>
<return>
<value>${phone}</value>
<status status="PASS" start="2024-02-22T17:32:45.832795" elapsed="0.001161"/>
</return>
<msg time="2024-02-22T17:32:45.833956" level="INFO">${Mobile_phone} = 0500 280 2825</msg>
<var>${Mobile_phone}</var>
<doc>Gera um número de telefone aleatório</doc>
<status status="PASS" start="2024-02-22T17:32:45.831400" elapsed="0.002556"/>
</kw>
<kw name="Generate Random Text" owner="FakerHelper">
<kw name="Text" owner="FakerLibrary">
<msg time="2024-02-22T17:32:45.835404" level="INFO">${text} = Distinctio voluptas cupiditate consequuntur ducimus. Sunt optio asperiores porro modi quibusdam voluptas.
Ratione dolor nam cum ea. Harum porro qui optio.</msg>
<var>${text}</var>
<doc>Generate a text string.</doc>
<status status="PASS" start="2024-02-22T17:32:45.835404" elapsed="0.000000"/>
</kw>
<return>
<value>${text}</value>
<status status="PASS" start="2024-02-22T17:32:45.835404" elapsed="0.001108"/>
</return>
<msg time="2024-02-22T17:32:45.836512" level="INFO">${Additional_information} = Distinctio voluptas cupiditate consequuntur ducimus. Sunt optio asperiores porro modi quibusdam voluptas.
Ratione dolor nam cum ea. Harum porro qui optio.</msg>
<var>${Additional_information}</var>
<doc>Gera um texto aleatório</doc>
<status status="PASS" start="2024-02-22T17:32:45.833956" elapsed="0.002556"/>
</kw>
<kw name="Generate Random Name" owner="FakerHelper">
<kw name="Name" owner="FakerLibrary">
<msg time="2024-02-22T17:32:45.837512" level="INFO">${name} = Marcela Pinto</msg>
<var>${name}</var>
<doc>:example: 'John Doe'</doc>
<status status="PASS" start="2024-02-22T17:32:45.837512" elapsed="0.000000"/>
</kw>
<return>
<value>${name}</value>
<status status="PASS" start="2024-02-22T17:32:45.837512" elapsed="0.001065"/>
</return>
<msg time="2024-02-22T17:32:45.838577" level="INFO">${Please_assign_an_addrress_title_for_future_reference} = Marcela Pinto</msg>
<var>${Please_assign_an_addrress_title_for_future_reference}</var>
<doc>Gera um nome aleatório</doc>
<status status="PASS" start="2024-02-22T17:32:45.836512" elapsed="0.002065"/>
</kw>
<kw name="Quando clico no botão Sign in" owner="HomeStep">
<kw name="Click Element" owner="SeleniumLibrary">
<msg time="2024-02-22T17:32:45.839577" level="INFO">Clicking element '//div[@id='contact-link']/preceding-sibling::div[@class='header_user_info']/a[@class='login']'.</msg>
<arg>${SING_IN_BUTTON}</arg>
<doc>Click the element identified by ``locator``.</doc>
<status status="PASS" start="2024-02-22T17:32:45.839577" elapsed="1.329802"/>
</kw>
<status status="PASS" start="2024-02-22T17:32:45.838577" elapsed="1.331824"/>
</kw>
<kw name="E preencho o campo create e-mail address" owner="SingInStep">
<kw name="Input Text" owner="SeleniumLibrary">
<msg time="2024-02-22T17:32:47.171410" level="INFO">Typing text 'rodrigomoreira@example.com' into text field 'email_create'.</msg>
<arg>${CREATE_EMAIL_ADDRESS_FIELD}</arg>
<arg>${email}</arg>
<doc>Types the given ``text`` into the text field identified by ``locator``.</doc>
<status status="PASS" start="2024-02-22T17:32:47.170401" elapsed="0.143604"/>
</kw>
<arg>${Email}</arg>
<status status="PASS" start="2024-02-22T17:32:47.170401" elapsed="0.145603"/>
</kw>
<kw name="E clico em Create an account" owner="SingInStep">
<kw name="Click Element" owner="SeleniumLibrary">
<msg time="2024-02-22T17:32:47.325361" level="INFO">Clicking element 'SubmitCreate'.</msg>
<arg>${CREATE_AN_ACCOUNT_BUTTON}</arg>
<doc>Click the element identified by ``locator``.</doc>
<status status="PASS" start="2024-02-22T17:32:47.323361" elapsed="0.085767"/>
</kw>
<status status="PASS" start="2024-02-22T17:32:47.321366" elapsed="0.088764"/>
</kw>
<kw name="Então devo informar os meus dados para criar a conta" owner="CreateAnAccountStep">
<kw name="Então devo informar os meus dados create account" owner="Data">
<kw name="Wait Until Page Contains Element" owner="SeleniumLibrary">
<arg>${TITLE_MR_RADIO_BUTTON}</arg>
<arg>timeout=10s</arg>
<doc>Waits until the element ``locator`` appears on the current page.</doc>
<status status="PASS" start="2024-02-22T17:32:47.413130" elapsed="1.553662"/>
</kw>
<kw name="Click Element" owner="SeleniumLibrary">
<msg time="2024-02-22T17:32:48.968054" level="INFO">Clicking element '//input[@id='id_gender1']'.</msg>
<arg>${TITLE_MR_RADIO_BUTTON}</arg>
<doc>Click the element identified by ``locator``.</doc>
<status status="PASS" start="2024-02-22T17:32:48.966792" elapsed="0.088932"/>
</kw>
<kw name="Input Text" owner="SeleniumLibrary">
<msg time="2024-02-22T17:32:49.055724" level="INFO">Typing text 'Lorena Melo' into text field 'customer_firstname'.</msg>
<arg>${FIRST_NAME_FIELD}</arg>
<arg>${first_name}</arg>
<doc>Types the given ``text`` into the text field identified by ``locator``.</doc>
<status status="PASS" start="2024-02-22T17:32:49.055724" elapsed="0.152483"/>
</kw>
<kw name="Input Text" owner="SeleniumLibrary">
<msg time="2024-02-22T17:32:49.212452" level="INFO">Typing text 'Duarte' into text field 'customer_lastname'.</msg>
<arg>${LAST_NAME_FIELD}</arg>
<arg>${last_name}</arg>
<doc>Types the given ``text`` into the text field identified by ``locator``.</doc>
<status status="PASS" start="2024-02-22T17:32:49.210282" elapsed="0.190138"/>
</kw>
<kw name="Input Text" owner="SeleniumLibrary">
<msg time="2024-02-22T17:32:49.402416" level="INFO">Typing text 'rodrigomoreira@example.com' into text field 'email'.</msg>
<arg>${EMAIL_FIELD}</arg>
<arg>${e-mail}</arg>
<doc>Types the given ``text`` into the text field identified by ``locator``.</doc>
<status status="PASS" start="2024-02-22T17:32:49.400420" elapsed="0.206869"/>
</kw>
<kw name="Input Text" owner="SeleniumLibrary">
<msg time="2024-02-22T17:32:49.609300" level="INFO">Typing text '96egVxEw_@' into text field 'passwd'.</msg>
<arg>${PASS_WORD_FIELD}</arg>
<arg>${password}</arg>
<doc>Types the given ``text`` into the text field identified by ``locator``.</doc>
<status status="PASS" start="2024-02-22T17:32:49.607289" elapsed="0.108995"/>
</kw>
<kw name="Preencher Data de Nascimento" owner="Data">
<kw name="Split String" owner="String">
<msg time="2024-02-22T17:32:49.717329" level="INFO">${year} = 2008</msg>
<msg time="2024-02-22T17:32:49.718353" level="INFO">${month} = 01</msg>
<msg time="2024-02-22T17:32:49.718353" level="INFO">${day} = 23</msg>
<var>${year}</var>
<var>${month}</var>
<var>${day}</var>
<arg>${data}</arg>
<arg>-</arg>
<doc>Splits the ``string`` using ``separator`` as a delimiter string.</doc>
<status status="PASS" start="2024-02-22T17:32:49.717329" elapsed="0.001024"/>
</kw>
<kw name="Remover Zero à Esquerda" owner="Data">
<kw name="Convert To Integer" owner="BuiltIn">
<msg time="2024-02-22T17:32:49.720617" level="INFO">${value} = 23</msg>
<var>${value}</var>
<arg>${value}</arg>
<doc>Converts the given item to an integer number.</doc>
<status status="PASS" start="2024-02-22T17:32:49.719505" elapsed="0.001112"/>
</kw>
<kw name="Convert To String" owner="BuiltIn">
<msg time="2024-02-22T17:32:49.721625" level="INFO">${value} = 23</msg>
<var>${value}</var>
<arg>${value}</arg>
<doc>Converts the given item to a Unicode string.</doc>
<status status="PASS" start="2024-02-22T17:32:49.720617" elapsed="0.001008"/>
</kw>
<return>
<value>${value}</value>
<status status="PASS" start="2024-02-22T17:32:49.721625" elapsed="0.000000"/>
</return>
<msg time="2024-02-22T17:32:49.721625" level="INFO">${day} = 23</msg>
<var>${day}</var>
<arg>${day}</arg>
<status status="PASS" start="2024-02-22T17:32:49.719505" elapsed="0.002120"/>
</kw>
<kw name="Remover Zero à Esquerda" owner="Data">
<kw name="Convert To Integer" owner="BuiltIn">
<msg time="2024-02-22T17:32:49.722637" level="INFO">${value} = 1</msg>
<var>${value}</var>
<arg>${value}</arg>
<doc>Converts the given item to an integer number.</doc>
<status status="PASS" start="2024-02-22T17:32:49.722637" elapsed="0.000000"/>
</kw>
<kw name="Convert To String" owner="BuiltIn">
<msg time="2024-02-22T17:32:49.723640" level="INFO">${value} = 1</msg>
<var>${value}</var>
<arg>${value}</arg>
<doc>Converts the given item to a Unicode string.</doc>
<status status="PASS" start="2024-02-22T17:32:49.723640" elapsed="0.000000"/>
</kw>
<return>
<value>${value}</value>
<status status="PASS" start="2024-02-22T17:32:49.723640" elapsed="0.000000"/>
</return>
<msg time="2024-02-22T17:32:49.723640" level="INFO">${month} = 1</msg>
<var>${month}</var>
<arg>${month}</arg>
<status status="PASS" start="2024-02-22T17:32:49.722637" elapsed="0.002255"/>
</kw>
<kw name="Wait Until Page Contains Element" owner="SeleniumLibrary">
<arg>${DAY_SELECT}</arg>
<arg>timeout=10s</arg>
<doc>Waits until the element ``locator`` appears on the current page.</doc>
<status status="PASS" start="2024-02-22T17:32:49.724892" elapsed="0.014994"/>
</kw>
<kw name="Select From List By Value" owner="SeleniumLibrary">
<msg time="2024-02-22T17:32:49.740907" level="INFO">Selecting options from selection list 'days' by value 23.</msg>
<arg>${DAY_SELECT}</arg>
<arg>${day}</arg>
<doc>Selects options from selection list ``locator`` by ``values``.</doc>
<status status="PASS" start="2024-02-22T17:32:49.740907" elapsed="0.083546"/>
</kw>
<kw name="Wait Until Page Contains Element" owner="SeleniumLibrary">
<arg>${MONTHS_SELECT}</arg>
<arg>timeout=10s</arg>
<doc>Waits until the element ``locator`` appears on the current page.</doc>
<status status="PASS" start="2024-02-22T17:32:49.824453" elapsed="0.014884"/>
</kw>
<kw name="Select From List By Value" owner="SeleniumLibrary">
<msg time="2024-02-22T17:32:49.840350" level="INFO">Selecting options from selection list 'months' by value 1.</msg>
<arg>${MONTHS_SELECT}</arg>
<arg>${month}</arg>
<doc>Selects options from selection list ``locator`` by ``values``.</doc>
<status status="PASS" start="2024-02-22T17:32:49.840350" elapsed="0.078711"/>
</kw>
<kw name="Wait Until Page Contains Element" owner="SeleniumLibrary">
<arg>${YEARS_SELECT}</arg>
<arg>timeout=10s</arg>
<doc>Waits until the element ``locator`` appears on the current page.</doc>
<status status="PASS" start="2024-02-22T17:32:49.919061" elapsed="0.014178"/>
</kw>
<kw name="Select From List By Value" owner="SeleniumLibrary">
<msg time="2024-02-22T17:32:49.934293" level="INFO">Selecting options from selection list 'years' by value 2008.</msg>
<arg>${YEARS_SELECT}</arg>
<arg>${year}</arg>
<doc>Selects options from selection list ``locator`` by ``values``.</doc>
<status status="PASS" start="2024-02-22T17:32:49.934293" elapsed="0.060976"/>
</kw>
<arg>${data}</arg>
<status status="PASS" start="2024-02-22T17:32:49.716284" elapsed="0.279981"/>
</kw>
<kw name="Click Element" owner="SeleniumLibrary">
<msg time="2024-02-22T17:32:49.996265" level="INFO">Clicking element 'newsletter'.</msg>
<arg>${SING_UP_FOR_OUR_NEWSLETTER_CHECK_BOX}</arg>
<doc>Click the element identified by ``locator``.</doc>
<status status="PASS" start="2024-02-22T17:32:49.996265" elapsed="0.048469"/>
</kw>
<kw name="Click Element" owner="SeleniumLibrary">
<msg time="2024-02-22T17:32:50.046872" level="INFO">Clicking element 'submitAccount'.</msg>
<arg>${REGISTER_BUTTON}</arg>
<doc>Click the element identified by ``locator``.</doc>
<status status="PASS" start="2024-02-22T17:32:50.044734" elapsed="2.134133"/>
</kw>
<arg>${first_name}</arg>
<arg>${last_name}</arg>
<arg>${e-mail}</arg>
<arg>${password}</arg>
<arg>${data}</arg>
<status status="PASS" start="2024-02-22T17:32:47.413130" elapsed="4.765737"/>
</kw>
<arg>${First_Name}</arg>
<arg>${Last_Name}</arg>
<arg>${Email}</arg>
<arg>${Password}</arg>
<arg>${Data}</arg>
<status status="PASS" start="2024-02-22T17:32:47.411131" elapsed="4.767736"/>
</kw>
<kw name="E clico em Women no menu" owner="HomeStep">
<kw name="Click Element" owner="SeleniumLibrary">
<msg time="2024-02-22T17:32:52.180935" level="INFO">Clicking element '//ul[@class="sf-menu clearfix menu-content sf-js-enabled sf-arrows"]//a[@title="Women"]'.</msg>
<arg>${WOMAN}</arg>
<doc>Click the element identified by ``locator``.</doc>
<status status="PASS" start="2024-02-22T17:32:52.179931" elapsed="1.839101"/>
</kw>
<status status="PASS" start="2024-02-22T17:32:52.179931" elapsed="1.840540"/>
</kw>
<kw name="E compro a primeira roupa" owner="HomeStep">
<kw name="Wait Until Element Is Visible" owner="SeleniumLibrary">
<arg>${PRIMEIRA_ROUPA}</arg>
<doc>Waits until the element ``locator`` is visible.</doc>
<status status="PASS" start="2024-02-22T17:32:54.021502" elapsed="0.026765"/>
</kw>
<kw name="Mouse Over" owner="SeleniumLibrary">
<msg time="2024-02-22T17:32:54.049780" level="INFO">Simulating Mouse Over on element '//*[@id="center_column" ]/ul/li[1]/div'.</msg>
<arg>${PRIMEIRA_ROUPA}</arg>
<doc>Simulates hovering the mouse over the element ``locator``.</doc>
<status status="PASS" start="2024-02-22T17:32:54.048267" elapsed="0.294304"/>
</kw>
<kw name="Wait Until Element Is Visible" owner="SeleniumLibrary">
<arg>${ADD_TO_COMPARE}</arg>
<doc>Waits until the element ``locator`` is visible.</doc>
<status status="PASS" start="2024-02-22T17:32:54.343572" elapsed="0.065568"/>
</kw>
<kw name="Click Element" owner="SeleniumLibrary">
<msg time="2024-02-22T17:32:54.412214" level="INFO">Clicking element '//a[contains(text(),'Add to Compare')]'.</msg>
<arg>${ADD_TO_COMPARE}</arg>
<doc>Click the element identified by ``locator``.</doc>
<status status="PASS" start="2024-02-22T17:32:54.410147" elapsed="0.121642"/>
</kw>
<kw name="Wait Until Element Is Visible" owner="SeleniumLibrary">
<arg>${COMPARE}</arg>
<doc>Waits until the element ``locator`` is visible.</doc>
<status status="PASS" start="2024-02-22T17:32:54.533795" elapsed="0.055223"/>
</kw>
<kw name="Click Element" owner="SeleniumLibrary">
<msg time="2024-02-22T17:32:54.589018" level="INFO">Clicking element '//span[contains(.,'Compar')]'.</msg>
<arg>${COMPARE}</arg>
<doc>Click the element identified by ``locator``.</doc>
<status status="PASS" start="2024-02-22T17:32:54.589018" elapsed="2.049606"/>
</kw>
<kw name="Wait Until Element Is Visible" owner="SeleniumLibrary">
<arg>${ADD_TO_CART}</arg>
<doc>Waits until the element ``locator`` is visible.</doc>
<status status="PASS" start="2024-02-22T17:32:56.639658" elapsed="0.067979"/>
</kw>
<kw name="Click Element" owner="SeleniumLibrary">
<msg time="2024-02-22T17:32:56.708637" level="INFO">Clicking element '//div[@class="comparison_product_infos"]//a[@title="Add to cart"]'.</msg>
<arg>${ADD_TO_CART}</arg>
<doc>Click the element identified by ``locator``.</doc>
<status status="PASS" start="2024-02-22T17:32:56.707637" elapsed="0.063564"/>
</kw>
<kw name="Wait Until Element Is Visible" owner="SeleniumLibrary">
<arg>${PROCEED_TO_CHECKOUT}</arg>
<doc>Waits until the element ``locator`` is visible.</doc>
<status status="PASS" start="2024-02-22T17:32:56.771201" elapsed="0.751839"/>
</kw>
<kw name="Click Element" owner="SeleniumLibrary">
<msg time="2024-02-22T17:32:57.524040" level="INFO">Clicking element '//div[@class="layer_cart_cart col-xs-12 col-md-6"]//a[@title="Proceed to checkout"]'.</msg>
<arg>${PROCEED_TO_CHECKOUT}</arg>
<doc>Click the element identified by ``locator``.</doc>
<status status="PASS" start="2024-02-22T17:32:57.524040" elapsed="1.409074"/>
</kw>
<kw name="Wait Until Element Is Visible" owner="SeleniumLibrary">
<arg>${PROCEED_TO_CHECKOUT_END}</arg>
<doc>Waits until the element ``locator`` is visible.</doc>
<status status="PASS" start="2024-02-22T17:32:58.934115" elapsed="0.030494"/>
</kw>
<kw name="Click Element" owner="SeleniumLibrary">
<msg time="2024-02-22T17:32:58.965609" level="INFO">Clicking element '//a[@class="button btn btn-default standard-checkout button-medium" and @title="Proceed to checkout"]'.</msg>
<arg>${PROCEED_TO_CHECKOUT_END}</arg>
<doc>Click the element identified by ``locator``.</doc>
<status status="PASS" start="2024-02-22T17:32:58.965609" elapsed="1.422529"/>
</kw>
<status status="PASS" start="2024-02-22T17:32:54.020471" elapsed="6.367667"/>
</kw>
<kw name="E preencho o meu endereço e outros dados para compra" owner="HomeStep">
<kw name="Preencher os dados para compra" owner="Data">
<kw name="Wait Until Page Contains Element" owner="SeleniumLibrary">
<arg>${COMPANY_FIELD}</arg>
<arg>timeout=10s</arg>
<doc>Waits until the element ``locator`` appears on the current page.</doc>
<status status="PASS" start="2024-02-22T17:33:00.390577" elapsed="0.070395"/>
</kw>
<kw name="Input Text" owner="SeleniumLibrary">
<msg time="2024-02-22T17:33:00.465113" level="INFO">Typing text 'Silva Correia Ltda.' into text field 'company'.</msg>
<arg>${COMPANY_FIELD}</arg>
<arg>${company}</arg>
<doc>Types the given ``text`` into the text field identified by ``locator``.</doc>
<status status="PASS" start="2024-02-22T17:33:00.462034" elapsed="0.129339"/>
</kw>
<kw name="Input Text" owner="SeleniumLibrary">
<msg time="2024-02-22T17:33:00.591373" level="INFO">Typing text 'Residencial de das Neves, 12
Aparecida 7ª Seção
42702844 Santos Alegre / AL' into text field 'address1'.</msg>
<arg>${ADDRESS_FIELD}</arg>
<arg>${address}</arg>
<doc>Types the given ``text`` into the text field identified by ``locator``.</doc>
<status status="PASS" start="2024-02-22T17:33:00.591373" elapsed="1.209844"/>
</kw>
<kw name="Input Text" owner="SeleniumLibrary">
<msg time="2024-02-22T17:33:01.803334" level="INFO">Typing text 'Passarela de Nascimento, 20
Boa Esperança
36910129 Lopes da Prata / BA' into text field 'address2'.</msg>
<arg>${ADDRESS_LINE_2_FIELD}</arg>
<arg>${address_line_2}</arg>
<doc>Types the given ``text`` into the text field identified by ``locator``.</doc>
<status status="PASS" start="2024-02-22T17:33:01.802302" elapsed="1.832217"/>
</kw>
<kw name="Input Text" owner="SeleniumLibrary">
<msg time="2024-02-22T17:33:03.635523" level="INFO">Typing text 'Costela de Goiás' into text field 'city'.</msg>
<arg>${CITY_FIELD}</arg>
<arg>${city}</arg>
<doc>Types the given ``text`` into the text field identified by ``locator``.</doc>
<status status="PASS" start="2024-02-22T17:33:03.635523" elapsed="0.209781"/>
</kw>
<kw name="Select From List By Value" owner="SeleniumLibrary">
<msg time="2024-02-22T17:33:03.847549" level="INFO">Selecting options from selection list '//*[@id="uniform-id_state"]/select[@id='id_state']' by value 2.</msg>
<arg>${STATE_FIELD}</arg>
<arg>2</arg>
<doc>Selects options from selection list ``locator`` by ``values``.</doc>
<status status="PASS" start="2024-02-22T17:33:03.846524" elapsed="0.107303"/>
</kw>
<kw name="Input Text" owner="SeleniumLibrary">
<msg time="2024-02-22T17:33:03.954832" level="INFO">Typing text '51884' into text field 'postcode'.</msg>
<arg>${ZIP_POSTAL_CODE_FIELD}</arg>
<arg>${zip_postal_code}</arg>
<doc>Types the given ``text`` into the text field identified by ``locator``.</doc>
<status status="PASS" start="2024-02-22T17:33:03.954832" elapsed="0.113791"/>
</kw>
<kw name="Input Text" owner="SeleniumLibrary">
<msg time="2024-02-22T17:33:04.068623" level="INFO">Typing text '+55 81 9099-1311' into text field 'phone'.</msg>
<arg>${HOME_PHONE_FIELD}</arg>
<arg>${home_phone}</arg>
<doc>Types the given ``text`` into the text field identified by ``locator``.</doc>
<status status="PASS" start="2024-02-22T17:33:04.068623" elapsed="0.106475"/>
</kw>
<kw name="Input Text" owner="SeleniumLibrary">
<msg time="2024-02-22T17:33:04.181122" level="INFO">Typing text '0500 280 2825' into text field 'phone_mobile'.</msg>
<arg>${MOBILE_PHONE_FIELD}</arg>
<arg>${mobile_phone}</arg>
<doc>Types the given ``text`` into the text field identified by ``locator``.</doc>
<status status="PASS" start="2024-02-22T17:33:04.175098" elapsed="0.138021"/>
</kw>
<kw name="Input Text" owner="SeleniumLibrary">
<msg time="2024-02-22T17:33:04.316499" level="INFO">Typing text 'Distinctio voluptas cupiditate consequuntur ducimus. Sunt optio asperiores porro modi quibusdam voluptas.
Ratione dolor nam cum ea. Harum porro qui optio.' into text field 'other'.</msg>
<arg>${ADDITIONAL_INFORMATION_FIELD}</arg>
<arg>${additional_information}</arg>
<doc>Types the given ``text`` into the text field identified by ``locator``.</doc>
<status status="PASS" start="2024-02-22T17:33:04.314398" elapsed="0.276289"/>
</kw>
<kw name="Input Text" owner="SeleniumLibrary">
<msg time="2024-02-22T17:33:04.590687" level="INFO">Typing text 'Marcela Pinto' into text field 'alias'.</msg>
<arg>${PLEASE_ASSING_AN_ADDRESS_TITLE_FOR_FUTURE_REFERENCE_FIELD}</arg>
<arg>${please_assign_an_addrress_title_for_future_reference}</arg>
<doc>Types the given ``text`` into the text field identified by ``locator``.</doc>
<status status="PASS" start="2024-02-22T17:33:04.590687" elapsed="0.101453"/>
</kw>
<arg>${company}</arg>
<arg>${address}</arg>
<arg>${address_line_2}</arg>
<arg>${city}</arg>
<arg>${state}</arg>
<arg>${zip_postal_code}</arg>
<arg>${country}</arg>
<arg>${home_phone}</arg>
<arg>${mobile_phone}</arg>
<arg>${additional_information}</arg>
<arg>${please_assign_an_addrress_title_for_future_reference}</arg>
<status status="PASS" start="2024-02-22T17:33:00.390577" elapsed="4.301563"/>
</kw>
<arg>${Company}</arg>
<arg>${Address}</arg>
<arg>${Address_line_2}</arg>
<arg>${City}</arg>
<arg>${State}</arg>
<arg>${Zip_postal_code}</arg>
<arg>${Country}</arg>
<arg>${Home_phone}</arg>
<arg>${Mobile_phone}</arg>
<arg>${Additional_information}</arg>
<arg>${Please_assign_an_addrress_title_for_future_reference}</arg>
<status status="PASS" start="2024-02-22T17:33:00.389497" elapsed="4.303646"/>
</kw>
<kw name="E salvo a minhha compra" owner="HomeStep">
<kw name="Click Element" owner="SeleniumLibrary">
<msg time="2024-02-22T17:33:04.696608" level="INFO">Clicking element 'submitAddress'.</msg>
<arg>${SAVE}</arg>
<doc>Click the element identified by ``locator``.</doc>
<status status="PASS" start="2024-02-22T17:33:04.695581" elapsed="1.590991"/>
</kw>
<kw name="Click Element" owner="SeleniumLibrary">
<msg time="2024-02-22T17:33:06.288560" level="INFO">Clicking element '//*[@id="center_column"]/form/p/button/span'.</msg>
<arg>${PROCEED_TO_CHECKOUT_ADDRESS}</arg>
<doc>Click the element identified by ``locator``.</doc>
<status status="PASS" start="2024-02-22T17:33:06.287558" elapsed="1.076641"/>
</kw>
<kw name="Click Element" owner="SeleniumLibrary">
<msg time="2024-02-22T17:33:07.365196" level="INFO">Clicking element '//*[@id="uniform-cgv"]/span'.</msg>
<arg>${I_AGREE_TO_THE_TERMS_OF_SERVICE_AND_WILL_ADHERE_TO_THEM_UNCONDITIONALLY}</arg>
<doc>Click the element identified by ``locator``.</doc>
<status status="PASS" start="2024-02-22T17:33:07.364199" elapsed="0.072217"/>
</kw>
<kw name="Click Element" owner="SeleniumLibrary">
<msg time="2024-02-22T17:33:07.437440" level="INFO">Clicking element '//*[@id="form"]/p/button/span'.</msg>
<arg>${PROCEED_TO_CHECKOUT_SHIPPING}</arg>
<doc>Click the element identified by ``locator``.</doc>
<status status="PASS" start="2024-02-22T17:33:07.436416" elapsed="0.878979"/>
</kw>
<kw name="Click Element" owner="SeleniumLibrary">
<msg time="2024-02-22T17:33:08.316380" level="INFO">Clicking element '//*[@id="HOOK_PAYMENT"]/div[1]/div/p/a'.</msg>
<arg>${PAY_BY_BANK_WIRE}</arg>
<doc>Click the element identified by ``locator``.</doc>
<status status="PASS" start="2024-02-22T17:33:08.315395" elapsed="0.723083"/>
</kw>
<kw name="Click Element" owner="SeleniumLibrary">
<msg time="2024-02-22T17:33:09.039521" level="INFO">Clicking element '//*[@id="cart_navigation"]/button/span'.</msg>
<arg>${I_CONFIRM_MY_ORDER}</arg>
<doc>Click the element identified by ``locator``.</doc>
<status status="PASS" start="2024-02-22T17:33:09.038478" elapsed="1.532881"/>
</kw>
<status status="PASS" start="2024-02-22T17:33:04.693143" elapsed="5.878216"/>
</kw>
<kw name="E verifico se a mensagem de compra com sucesso" owner="HomeStep">
<kw name="Wait Until Page Contains" owner="SeleniumLibrary">
<arg>${YOUR_ORDER_ON_MY_SHOP_IS_COMPLETE}</arg>
<arg>timeout=10s</arg>
<doc>Waits until ``text`` appears on the current page.</doc>
<status status="PASS" start="2024-02-22T17:33:10.572345" elapsed="0.027599"/>
</kw>
<status status="PASS" start="2024-02-22T17:33:10.572345" elapsed="0.029601"/>
</kw>
<kw name="Close All Browsers" owner="SeleniumLibrary" type="TEARDOWN">
<doc>Closes all open browsers and resets the browser cache.</doc>
<status status="PASS" start="2024-02-22T17:33:10.603130" elapsed="6.238504"/>
</kw>
<doc>Realizar a compra de um produto por uma das abas do site (Women, Dresses, T-Shirts)</doc>
<tag>CT01</tag>
<status status="PASS" start="2024-02-22T17:32:38.153140" elapsed="38.689494"/>
</test>
<status status="PASS" start="2024-02-22T17:32:37.557087" elapsed="39.288554"/>
</suite>
<status status="PASS" start="2024-02-22T17:32:37.553695" elapsed="39.294993"/>
</suite>
<status status="PASS" start="2024-02-22T17:32:37.526457" elapsed="39.324183"/>
</suite>
<statistics>
<total>
<stat pass="1" fail="0" skip="0">All Tests</stat>
</total>
<tag>
<stat pass="1" fail="0" skip="0">CT01</stat>
</tag>
<suite>
<stat pass="1" fail="0" skip="0" id="s1" name="RobotFrameWork.Selenium.Web.Tests">RobotFrameWork.Selenium.Web.Tests</stat>
<stat pass="1" fail="0" skip="0" id="s1-s1" name="Tests">RobotFrameWork.Selenium.Web.Tests.Tests</stat>
<stat pass="1" fail="0" skip="0" id="s1-s1-s1" name="CartTests">RobotFrameWork.Selenium.Web.Tests.Tests.CartTests</stat>
</suite>
</statistics>
<errors>
</errors>
</robot>
